[
    [0]  [
        [0] "-rw-r--r--",
        [1] 1,
        [2] "a.halaidzhy",
        [3] "staff",
        [4] 59,
        [5] "Sep",
        [6] 29,
        [7] "21:08",
        [8] "Filename with    more that      one space between    words"
    ],
    [1]  [
        [0] "-rwxr-xr-x",
        [1] 1,
        [2] "a.halaidzhy",
        [3] "staff",
        [4] 1603,
        [5] "Sep",
        [6] 29,
        [7] "20:46",
        [8] "Readme.md"
    ],
    [2]  [
        [0] "-rwxr-xr-x",
        [1] 1,
        [2] "a.halaidzhy",
        [3] "staff",
        [4] 1228800,
        [5] "Sep",
        [6] 29,
        [7] "20:46",
        [8] "file 1.2Mb"
    ],
    [3]  [
        [0] "-rwxr-xr-x",
        [1] 1,
        [2] "a.halaidzhy",
        [3] "staff",
        [4] 1843200,
        [5] "Sep",
        [6] 29,
        [7] "20:46",
        [8] "file 1.8 Mb"
    ],
    [4]  [
        [0] "-rwxr-xr-x",
        [1] 1,
        [2] "a.halaidzhy",
        [3] "staff",
        [4] 1048576,
        [5] "Sep",
        [6] 29,
        [7] "20:46",
        [8] "file1Mb"
    ],
    [5]  [
        [0] "drwxr-xr-x",
        [1] 3,
        [2] "a.halaidzhy",
        [3] "staff",
        [4] 102,
        [5] "Sep",
        [6] 29,
        [7] "21:12",
        [8] "folder with some spaces"
    ],
    [6]  [
        [0] "drwxr-xr-x",
        [1] 3,
        [2] "a.halaidzhy",
        [3] "staff",
        [4] 102,
        [5] "Sep",
        [6] 29,
        [7] "21:12",
        [8] "folderWithoutSpaces"
    ],
    [7]  [
        [0] "drwxr-xr-x",
        [1] 7,
        [2] "a.halaidzhy",
        [3] "staff",
        [4] 238,
        [5] "Sep",
        [6] 29,
        [7] "20:46",
        [8] "reports"
    ],
    [8]  [
        [0] "drwxr-xr-x",
        [1] 6,
        [2] "a.halaidzhy",
        [3] "staff",
        [4] 204,
        [5] "Sep",
        [6] 29,
        [7] "21:03",
        [8] "scripts"
    ],
    [9]  [
        [0] "-rwxr-xr-x",
        [1] 1,
        [2] "a.halaidzhy",
        [3] "staff",
        [4] 2457600,
        [5] "Sep",
        [6] 29,
        [7] "20:46",
        [8] "файл 2.5 МБ"
    ],
    [10] [
        [0] "-rw-r--r--",
        [1] 1,
        [2] "a.halaidzhy",
        [3] "staff",
        [4] 40,
        [5] "Sep",
        [6] 29,
        [7] "21:15",
        [8] "Файл на русском языке"
    ],
    [11] [
        [0] "drwxr-xr-x",
        [1] 3,
        [2] "a.halaidzhy",
        [3] "staff",
        [4] 102,
        [5] "Sep",
        [6] 29,
        [7] "21:15",
        [8] "Директория на русском языке"
    ]
]
